[mazerunner2] dead end found
[mazerunner2] dead end marked
[mazerunner2] drifted to B
[mazerunner1] only one time right up
[mazerunner2] dead end found
[mazerunner1] only one time down left
[mazerunner2] dead end marked
[mazerunner1] dead end found
[mazerunner1] only one time left down
[mazerunner1] only one time up right
[mazerunner1] propagate dead end
[mazerunner1] dead end marked
[mazerunner2] only one time down left
[mazerunner2] only one time right up
[mazerunner2] another unvisited direction
[mazerunner1] dead end marked
[mazerunner1] drifted to B
[mazerunner2] dead end found
[mazerunner1] only one time left up
[mazerunner2] dead end marked
[mazerunner1] only one time down right
[mazerunner1] only one time left up
[mazerunner2] only one time left up
[mazerunner1] only one time up right
[mazerunner1] only one time left down
[mazerunner2] only one time down right
[mazerunner1] only one time up right
[mazerunner2] only one time left up
[mazerunner1] only one time left down
[mazerunner2] another unvisited direction
[mazerunner1] only one time up right
[mazerunner2] dead end found
[mazerunner1] only one time left down
[mazerunner2] dead end marked
[mazerunner1] only one time down right
[mazerunner2] only one time left up
[mazerunner1] only one time left up
[mazerunner2] only one time up right
[mazerunner1] only one time up right
[mazerunner2] only one time left down
[mazerunner1] dead end found
[mazerunner2] only one time up right
[mazerunner1] only one time right up
[mazerunner1] only one time up left
[mazerunner2] dead end found
[mazerunner1] only one time right down
[mazerunner2] dead end marked
[mazerunner2] drifted to B
[mazerunner1] only one time down left
[mazerunner2] only one time down right
[mazerunner1] only one time right up
[mazerunner1] only one time down left
[mazerunner1] only one time right up
[mazerunner2] only one time left up
[mazerunner1] only one time down left
[mazerunner1] only one time right up
[mazerunner2] only one time down right
[mazerunner2] only one time right up
[mazerunner1] only one time up left
[mazerunner1] only one time right down
[mazerunner1] only one time up left
[mazerunner1] propagate dead end
[mazerunner1] dead end marked
[mazerunner1] only one time down left
[mazerunner1] only one time right up
[mazerunner2] only one time up left
[mazerunner1] propagate dead end
[mazerunner1] dead end marked
[mazerunner2] only one time right down
[mazerunner2] another unvisited direction
[mazerunner2] only one time right down
[mazerunner1] only one time left up
[mazerunner2] another unvisited direction
[mazerunner2] only one time left down
[mazerunner1] dead end marked
[mazerunner1] drifted to B
[mazerunner2] only one time down right
[mazerunner1] only one time right down
[mazerunner2] only one time left up
[mazerunner1] only one time down left
[mazerunner2] dead end found
[mazerunner1] dead end found
[mazerunner2] only one time up left
[mazerunner1] only one time left down
[mazerunner2] only one time right down
[mazerunner1] only one time down right
[mazerunner2] only one time down left
[mazerunner1] propagate dead end
[mazerunner1] dead end marked
[mazerunner2] dead end marked
[mazerunner1] only one time down right
[mazerunner2] dead end found
[mazerunner1] only one time left up
[mazerunner2] propagate dead end
[mazerunner2] dead end marked
[mazerunner1] propagate dead end
[mazerunner1] dead end marked
[mazerunner2] only one time down right
[mazerunner1] only one time left up
[mazerunner2] dead end marked
[mazerunner1] only one time up right
[mazerunner1] only one time left down
[mazerunner2] another unvisited direction
[mazerunner1] only one time up right
[mazerunner1] dead end marked
[mazerunner1] drifted to B
[mazerunner1] dead end found
[mazerunner1] propagate dead end
[mazerunner1] dead end marked
[mazerunner1] repeated B because no other option
[mazerunner1] only one time down right
[mazerunner1] only one time left up
[mazerunner2] dead end found
[mazerunner1] dead end marked
[mazerunner1] drifted to B
[mazerunner1] only one time left down
[mazerunner1] another unvisited direction
[mazerunner1] only one time right down
[mazerunner1] only one time down left
[mazerunner2] dead end marked
[mazerunner1] dead end found
[mazerunner2] Finished!!!!1
[mazerunner1] dead end marked
[mazerunner1] drifted to B
[mazerunner1] only one time up left
[mazerunner1] dead end found
[mazerunner1] only one time left up
[mazerunner1] propagate dead end
[mazerunner1] dead end marked
[mazerunner1] only one time left down
[mazerunner1] only one time down right
[mazerunner1] dead end marked
[mazerunner1] dead end found
[mazerunner1] propagate dead end
[mazerunner1] dead end marked
[mazerunner1] only one time down left
